0 info it worked if it ends with ok
1 verbose cli [ 'D:\\nodejs\\node.exe',
1 verbose cli   'D:\\nodejs\\node_modules\\npm\\bin\\npm-cli.js',
1 verbose cli   'run',
1 verbose cli   'dev' ]
2 info using npm@3.10.10
3 info using node@v6.11.0
4 verbose run-script [ 'predev', 'dev', 'postdev' ]
5 info lifecycle todolist@1.0.0~predev: todolist@1.0.0
6 silly lifecycle todolist@1.0.0~predev: no script for predev, continuing
7 info lifecycle todolist@1.0.0~dev: todolist@1.0.0
8 verbose lifecycle todolist@1.0.0~dev: unsafe-perm in lifecycle true
9 verbose lifecycle todolist@1.0.0~dev: PATH: D:\nodejs\node_modules\npm\bin\node-gyp-bin;D:\angular_learn\todolist\node_modules\.bin;D:\python\;D:\python\Scripts;C:\Windows\system32;C:\Windows;C:\Windows\System32\Wbem;C:\Windows\System32\WindowsPowerShell\v1.0\;C:\Program Files (x86)\Skype\Phone\;D:\Git\cmd;D:\nodejs\;C:\Program Files\MySQL\MySQL Utilities 1.6\;C:\Program Files\MySQL\MySQL Server 5.7\bin\;C:\Program Files\Microsoft SQL Server\130\Tools\Binn\;C:\Program Files\dotnet\;C:\Users\Drews\AppData\Local\atom\bin;C:\Users\Drews\AppData\Roaming\npm; C:\Program Files\MySQL\MySQL Server 5.7\bin
10 verbose lifecycle todolist@1.0.0~dev: CWD: D:\angular_learn\todolist
11 silly lifecycle todolist@1.0.0~dev: Args: [ '/d /s /c', 'webpack-dev-server --hot --open' ]
12 silly lifecycle todolist@1.0.0~dev: Returned: code: 3221225786  signal: null
13 info lifecycle todolist@1.0.0~dev: Failed to exec dev script
14 verbose stack Error: todolist@1.0.0 dev: `webpack-dev-server --hot --open`
14 verbose stack Exit status 3221225786
14 verbose stack     at EventEmitter.<anonymous> (D:\nodejs\node_modules\npm\lib\utils\lifecycle.js:255:16)
14 verbose stack     at emitTwo (events.js:106:13)
14 verbose stack     at EventEmitter.emit (events.js:191:7)
14 verbose stack     at ChildProcess.<anonymous> (D:\nodejs\node_modules\npm\lib\utils\spawn.js:40:14)
14 verbose stack     at emitTwo (events.js:106:13)
14 verbose stack     at ChildProcess.emit (events.js:191:7)
14 verbose stack     at maybeClose (internal/child_process.js:891:16)
14 verbose stack     at Process.ChildProcess._handle.onexit (internal/child_process.js:226:5)
15 verbose pkgid todolist@1.0.0
16 verbose cwd D:\angular_learn\todolist
17 error Windows_NT 6.1.7601
18 error argv "D:\\nodejs\\node.exe" "D:\\nodejs\\node_modules\\npm\\bin\\npm-cli.js" "run" "dev"
19 error node v6.11.0
20 error npm  v3.10.10
21 error code ELIFECYCLE
22 error todolist@1.0.0 dev: `webpack-dev-server --hot --open`
22 error Exit status 3221225786
23 error Failed at the todolist@1.0.0 dev script 'webpack-dev-server --hot --open'.
23 error Make sure you have the latest version of node.js and npm installed.
23 error If you do, this is most likely a problem with the todolist package,
23 error not with npm itself.
23 error Tell the author that this fails on your system:
23 error     webpack-dev-server --hot --open
23 error You can get information on how to open an issue for this project with:
23 error     npm bugs todolist
23 error Or if that isn't available, you can get their info via:
23 error     npm owner ls todolist
23 error There is likely additional logging output above.
24 verbose exit [ 1, true ]
